This file contains any messages produced by compilers while
running configure, to aid debugging if configure makes a mistake.

It was created by libnl configure 3.5.0, which was
generated by GNU Autoconf 2.69.  Invocation command line was

  $ ./configure 

## --------- ##
## Platform. ##
## --------- ##

hostname = miniga
uname -m = x86_64
uname -r = 5.4.7
uname -s = Linux
uname -v = #7 SMP Sun May 17 13:02:15 IST 2020

/usr/bin/uname -p = unknown
/bin/uname -X     = unknown

/bin/arch              = unknown
/usr/bin/arch -k       = unknown
/usr/convex/getsysinfo = unknown
/usr/bin/hostinfo      = unknown
/bin/machine           = unknown
/usr/bin/oslevel       = unknown
/bin/universe          = unknown

PATH: /usr/local/sbin
PATH: /usr/local/bin
PATH: /usr/sbin
PATH: /usr/bin
PATH: /sbin
PATH: /bin
PATH: /snap/bin
PATH: /root/.goenv/bin


## ----------- ##
## Core tests. ##
## ----------- ##

configure:2307: checking for a BSD-compatible install
configure:2375: result: /usr/bin/install -c
configure:2386: checking whether build environment is sane
configure:2441: result: yes
configure:2592: checking for a thread-safe mkdir -p
configure:2631: result: /bin/mkdir -p
configure:2638: checking for gawk
configure:2668: result: no
configure:2638: checking for mawk
configure:2654: found /usr/bin/mawk
configure:2665: result: mawk
configure:2676: checking whether make sets $(MAKE)
configure:2698: result: yes
configure:2727: checking whether make supports nested variables
configure:2744: result: yes
configure:2881: checking whether make supports nested variables
configure:2898: result: yes
configure:2913: checking whether make supports the include directive
configure:2928: make -f confmf.GNU && cat confinc.out
this is the am__doit target
configure:2931: $? = 0
configure:2950: result: yes (GNU style)
configure:3020: checking for gcc
configure:3036: found /usr/bin/gcc
configure:3047: result: gcc
configure:3276: checking for C compiler version
configure:3285: gcc --version >&5
gcc (Ubuntu 7.5.0-3ubuntu1~18.04) 7.5.0
Copyright (C) 2017 Free Software Foundation, Inc.
This is free software; see the source for copying conditions.  There is NO
warranty; not even for MERCHANTABILITY or FITNESS FOR A PARTICULAR PURPOSE.

configure:3296: $? = 0
configure:3285: gcc -v >&5
Using built-in specs.
COLLECT_GCC=gcc
COLLECT_LTO_WRAPPER=/usr/lib/gcc/x86_64-linux-gnu/7/lto-wrapper
OFFLOAD_TARGET_NAMES=nvptx-none
OFFLOAD_TARGET_DEFAULT=1
Target: x86_64-linux-gnu
Configured with: ../src/configure -v --with-pkgversion='Ubuntu 7.5.0-3ubuntu1~18.04' --with-bugurl=file:///usr/share/doc/gcc-7/README.Bugs --enable-languages=c,ada,c++,go,brig,d,fortran,objc,obj-c++ --prefix=/usr --with-gcc-major-version-only --program-suffix=-7 --program-prefix=x86_64-linux-gnu- --enable-shared --enable-linker-build-id --libexecdir=/usr/lib --without-included-gettext --enable-threads=posix --libdir=/usr/lib --enable-nls --enable-bootstrap --enable-clocale=gnu --enable-libstdcxx-debug --enable-libstdcxx-time=yes --with-default-libstdcxx-abi=new --enable-gnu-unique-object --disable-vtable-verify --enable-libmpx --enable-plugin --enable-default-pie --with-system-zlib --with-target-system-zlib --enable-objc-gc=auto --enable-multiarch --disable-werror --with-arch-32=i686 --with-abi=m64 --with-multilib-list=m32,m64,mx32 --enable-multilib --with-tune=generic --enable-offload-targets=nvptx-none --without-cuda-driver --enable-checking=release --build=x86_64-linux-gnu --host=x86_64-linux-gnu --target=x86_64-linux-gnu
Thread model: posix
gcc version 7.5.0 (Ubuntu 7.5.0-3ubuntu1~18.04) 
configure:3296: $? = 0
configure:3285: gcc -V >&5
gcc: error: unrecognized command line option '-V'
gcc: fatal error: no input files
compilation terminated.
configure:3296: $? = 1
configure:3285: gcc -qversion >&5
gcc: error: unrecognized command line option '-qversion'; did you mean '--version'?
gcc: fatal error: no input files
compilation terminated.
configure:3296: $? = 1
configure:3316: checking whether the C compiler works
configure:3338: gcc    conftest.c  >&5
configure:3342: $? = 0
configure:3390: result: yes
configure:3393: checking for C compiler default output file name
configure:3395: result: a.out
configure:3401: checking for suffix of executables
configure:3408: gcc -o conftest    conftest.c  >&5
configure:3412: $? = 0
configure:3434: result: 
configure:3456: checking whether we are cross compiling
configure:3464: gcc -o conftest    conftest.c  >&5
configure:3468: $? = 0
configure:3475: ./conftest
configure:3479: $? = 0
configure:3494: result: no
configure:3499: checking for suffix of object files
configure:3521: gcc -c   conftest.c >&5
configure:3525: $? = 0
configure:3546: result: o
configure:3550: checking whether we are using the GNU C compiler
configure:3569: gcc -c   conftest.c >&5
configure:3569: $? = 0
configure:3578: result: yes
configure:3587: checking whether gcc accepts -g
configure:3607: gcc -c -g  conftest.c >&5
configure:3607: $? = 0
configure:3648: result: yes
configure:3665: checking for gcc option to accept ISO C89
configure:3728: gcc  -c -g -O2  conftest.c >&5
configure:3728: $? = 0
configure:3741: result: none needed
configure:3766: checking whether gcc understands -c and -o together
configure:3788: gcc -c conftest.c -o conftest2.o
configure:3791: $? = 0
configure:3788: gcc -c conftest.c -o conftest2.o
configure:3791: $? = 0
configure:3803: result: yes
configure:3822: checking dependency style of gcc
configure:3933: result: gcc3
configure:3998: checking for ar
configure:4014: found /usr/bin/ar
configure:4025: result: ar
configure:4051: checking the archiver (ar) interface
configure:4067: gcc -c -g -O2  conftest.c >&5
configure:4067: $? = 0
configure:4069: ar cru libconftest.a conftest.o >&5
ar: `u' modifier ignored since `D' is the default (see `U')
configure:4072: $? = 0
configure:4100: result: ar
configure:4187: checking for gcc
configure:4214: result: gcc
configure:4443: checking for C compiler version
configure:4452: gcc --version >&5
gcc (Ubuntu 7.5.0-3ubuntu1~18.04) 7.5.0
Copyright (C) 2017 Free Software Foundation, Inc.
This is free software; see the source for copying conditions.  There is NO
warranty; not even for MERCHANTABILITY or FITNESS FOR A PARTICULAR PURPOSE.

configure:4463: $? = 0
configure:4452: gcc -v >&5
Using built-in specs.
COLLECT_GCC=gcc
COLLECT_LTO_WRAPPER=/usr/lib/gcc/x86_64-linux-gnu/7/lto-wrapper
OFFLOAD_TARGET_NAMES=nvptx-none
OFFLOAD_TARGET_DEFAULT=1
Target: x86_64-linux-gnu
Configured with: ../src/configure -v --with-pkgversion='Ubuntu 7.5.0-3ubuntu1~18.04' --with-bugurl=file:///usr/share/doc/gcc-7/README.Bugs --enable-languages=c,ada,c++,go,brig,d,fortran,objc,obj-c++ --prefix=/usr --with-gcc-major-version-only --program-suffix=-7 --program-prefix=x86_64-linux-gnu- --enable-shared --enable-linker-build-id --libexecdir=/usr/lib --without-included-gettext --enable-threads=posix --libdir=/usr/lib --enable-nls --enable-bootstrap --enable-clocale=gnu --enable-libstdcxx-debug --enable-libstdcxx-time=yes --with-default-libstdcxx-abi=new --enable-gnu-unique-object --disable-vtable-verify --enable-libmpx --enable-plugin --enable-default-pie --with-system-zlib --with-target-system-zlib --enable-objc-gc=auto --enable-multiarch --disable-werror --with-arch-32=i686 --with-abi=m64 --with-multilib-list=m32,m64,mx32 --enable-multilib --with-tune=generic --enable-offload-targets=nvptx-none --without-cuda-driver --enable-checking=release --build=x86_64-linux-gnu --host=x86_64-linux-gnu --target=x86_64-linux-gnu
Thread model: posix
gcc version 7.5.0 (Ubuntu 7.5.0-3ubuntu1~18.04) 
configure:4463: $? = 0
configure:4452: gcc -V >&5
gcc: error: unrecognized command line option '-V'
gcc: fatal error: no input files
compilation terminated.
configure:4463: $? = 1
configure:4452: gcc -qversion >&5
gcc: error: unrecognized command line option '-qversion'; did you mean '--version'?
gcc: fatal error: no input files
compilation terminated.
configure:4463: $? = 1
configure:4467: checking whether we are using the GNU C compiler
configure:4495: result: yes
configure:4504: checking whether gcc accepts -g
configure:4565: result: yes
configure:4582: checking for gcc option to accept ISO C89
configure:4658: result: none needed
configure:4683: checking whether gcc understands -c and -o together
configure:4720: result: yes
configure:4739: checking dependency style of gcc
configure:4850: result: gcc3
configure:4896: checking build system type
configure:4910: result: x86_64-pc-linux-gnu
configure:4930: checking host system type
configure:4943: result: x86_64-pc-linux-gnu
configure:4984: checking how to print strings
configure:5011: result: printf
configure:5032: checking for a sed that does not truncate output
configure:5096: result: /bin/sed
configure:5114: checking for grep that handles long lines and -e
configure:5172: result: /bin/grep
configure:5177: checking for egrep
configure:5239: result: /bin/grep -E
configure:5244: checking for fgrep
configure:5306: result: /bin/grep -F
configure:5341: checking for ld used by gcc
configure:5408: result: /usr/bin/ld
configure:5415: checking if the linker (/usr/bin/ld) is GNU ld
configure:5430: result: yes
configure:5442: checking for BSD- or MS-compatible name lister (nm)
configure:5496: result: /usr/bin/nm -B
configure:5626: checking the name lister (/usr/bin/nm -B) interface
configure:5633: gcc -c -g -O2  conftest.c >&5
configure:5636: /usr/bin/nm -B "conftest.o"
configure:5639: output
0000000000000000 B some_variable
configure:5646: result: BSD nm
configure:5649: checking whether ln -s works
configure:5653: result: yes
configure:5661: checking the maximum length of command line arguments
configure:5792: result: 1572864
configure:5840: checking how to convert x86_64-pc-linux-gnu file names to x86_64-pc-linux-gnu format
configure:5880: result: func_convert_file_noop
configure:5887: checking how to convert x86_64-pc-linux-gnu file names to toolchain format
configure:5907: result: func_convert_file_noop
configure:5914: checking for /usr/bin/ld option to reload object files
configure:5921: result: -r
configure:5995: checking for objdump
configure:6011: found /usr/bin/objdump
configure:6022: result: objdump
configure:6054: checking how to recognize dependent libraries
configure:6254: result: pass_all
configure:6339: checking for dlltool
configure:6369: result: no
configure:6399: checking how to associate runtime and link libraries
configure:6426: result: printf %s\n
configure:6550: checking for archiver @FILE support
configure:6567: gcc -c -g -O2  conftest.c >&5
configure:6567: $? = 0
configure:6570: ar cru libconftest.a @conftest.lst >&5
ar: `u' modifier ignored since `D' is the default (see `U')
configure:6573: $? = 0
configure:6578: ar cru libconftest.a @conftest.lst >&5
ar: `u' modifier ignored since `D' is the default (see `U')
ar: conftest.o: No such file or directory
configure:6581: $? = 1
configure:6593: result: @
configure:6651: checking for strip
configure:6667: found /usr/bin/strip
configure:6678: result: strip
configure:6750: checking for ranlib
configure:6766: found /usr/bin/ranlib
configure:6777: result: ranlib
configure:6879: checking command to parse /usr/bin/nm -B output from gcc object
configure:7032: gcc -c -g -O2  conftest.c >&5
configure:7035: $? = 0
configure:7039: /usr/bin/nm -B conftest.o \| sed -n -e 's/^.*[ ]\([ABCDGIRSTW][ABCDGIRSTW]*\)[ ][ ]*\([_A-Za-z][_A-Za-z0-9]*\)$/\1 \2 \2/p' | sed '/ __gnu_lto/d' \> conftest.nm
configure:7042: $? = 0
configure:7108: gcc -o conftest -g -O2   conftest.c conftstm.o >&5
configure:7111: $? = 0
configure:7149: result: ok
configure:7196: checking for sysroot
configure:7226: result: no
configure:7233: checking for a working dd
configure:7271: result: /bin/dd
configure:7275: checking how to truncate binary pipes
configure:7290: result: /bin/dd bs=4096 count=1
configure:7426: gcc -c -g -O2  conftest.c >&5
configure:7429: $? = 0
configure:7619: checking for mt
configure:7635: found /bin/mt
configure:7646: result: mt
configure:7669: checking if mt is a manifest tool
configure:7675: mt '-?'
configure:7683: result: no
configure:8360: checking how to run the C preprocessor
configure:8391: gcc -E  conftest.c
configure:8391: $? = 0
configure:8405: gcc -E  conftest.c
conftest.c:11:10: fatal error: ac_nonexistent.h: No such file or directory
 #include <ac_nonexistent.h>
          ^~~~~~~~~~~~~~~~~~
compilation terminated.
configure:8405: $? = 1
configure: failed program was:
| /* confdefs.h */
| #define PACKAGE_NAME "libnl"
| #define PACKAGE_TARNAME "libnl"
| #define PACKAGE_VERSION "3.5.0"
| #define PACKAGE_STRING "libnl 3.5.0"
| #define PACKAGE_BUGREPORT ""
| #define PACKAGE_URL "http://www.infradead.org/~tgr/libnl/"
| #define PACKAGE "libnl"
| #define VERSION "3.5.0"
| /* end confdefs.h.  */
| #include <ac_nonexistent.h>
configure:8430: result: gcc -E
configure:8450: gcc -E  conftest.c
configure:8450: $? = 0
configure:8464: gcc -E  conftest.c
conftest.c:11:10: fatal error: ac_nonexistent.h: No such file or directory
 #include <ac_nonexistent.h>
          ^~~~~~~~~~~~~~~~~~
compilation terminated.
configure:8464: $? = 1
configure: failed program was:
| /* confdefs.h */
| #define PACKAGE_NAME "libnl"
| #define PACKAGE_TARNAME "libnl"
| #define PACKAGE_VERSION "3.5.0"
| #define PACKAGE_STRING "libnl 3.5.0"
| #define PACKAGE_BUGREPORT ""
| #define PACKAGE_URL "http://www.infradead.org/~tgr/libnl/"
| #define PACKAGE "libnl"
| #define VERSION "3.5.0"
| /* end confdefs.h.  */
| #include <ac_nonexistent.h>
configure:8493: checking for ANSI C header files
configure:8513: gcc -c -g -O2  conftest.c >&5
configure:8513: $? = 0
configure:8586: gcc -o conftest -g -O2   conftest.c  >&5
configure:8586: $? = 0
configure:8586: ./conftest
configure:8586: $? = 0
configure:8597: result: yes
configure:8610: checking for sys/types.h
configure:8610: gcc -c -g -O2  conftest.c >&5
configure:8610: $? = 0
configure:8610: result: yes
configure:8610: checking for sys/stat.h
configure:8610: gcc -c -g -O2  conftest.c >&5
configure:8610: $? = 0
configure:8610: result: yes
configure:8610: checking for stdlib.h
configure:8610: gcc -c -g -O2  conftest.c >&5
configure:8610: $? = 0
configure:8610: result: yes
configure:8610: checking for string.h
configure:8610: gcc -c -g -O2  conftest.c >&5
configure:8610: $? = 0
configure:8610: result: yes
configure:8610: checking for memory.h
configure:8610: gcc -c -g -O2  conftest.c >&5
configure:8610: $? = 0
configure:8610: result: yes
configure:8610: checking for strings.h
configure:8610: gcc -c -g -O2  conftest.c >&5
configure:8610: $? = 0
configure:8610: result: yes
configure:8610: checking for inttypes.h
configure:8610: gcc -c -g -O2  conftest.c >&5
configure:8610: $? = 0
configure:8610: result: yes
configure:8610: checking for stdint.h
configure:8610: gcc -c -g -O2  conftest.c >&5
configure:8610: $? = 0
configure:8610: result: yes
configure:8610: checking for unistd.h
configure:8610: gcc -c -g -O2  conftest.c >&5
configure:8610: $? = 0
configure:8610: result: yes
configure:8624: checking for dlfcn.h
configure:8624: gcc -c -g -O2  conftest.c >&5
configure:8624: $? = 0
configure:8624: result: yes
configure:8880: checking for objdir
configure:8895: result: .libs
configure:9159: checking if gcc supports -fno-rtti -fno-exceptions
configure:9177: gcc -c -g -O2  -fno-rtti -fno-exceptions conftest.c >&5
cc1: warning: command line option '-fno-rtti' is valid for C++/ObjC++ but not for C
configure:9181: $? = 0
configure:9194: result: no
configure:9552: checking for gcc option to produce PIC
configure:9559: result: -fPIC -DPIC
configure:9567: checking if gcc PIC flag -fPIC -DPIC works
configure:9585: gcc -c -g -O2  -fPIC -DPIC -DPIC conftest.c >&5
configure:9589: $? = 0
configure:9602: result: yes
configure:9631: checking if gcc static flag -static works
configure:9659: result: yes
configure:9674: checking if gcc supports -c -o file.o
configure:9695: gcc -c -g -O2  -o out/conftest2.o conftest.c >&5
configure:9699: $? = 0
configure:9721: result: yes
configure:9729: checking if gcc supports -c -o file.o
configure:9776: result: yes
configure:9809: checking whether the gcc linker (/usr/bin/ld -m elf_x86_64) supports shared libraries
configure:11068: result: yes
configure:11105: checking whether -lc should be explicitly linked in
configure:11113: gcc -c -g -O2  conftest.c >&5
configure:11116: $? = 0
configure:11131: gcc -shared  -fPIC -DPIC conftest.o  -v -Wl,-soname -Wl,conftest -o conftest 2\>\&1 \| /bin/grep  -lc  \>/dev/null 2\>\&1
configure:11134: $? = 0
configure:11148: result: no
configure:11308: checking dynamic linker characteristics
configure:11889: gcc -o conftest -g -O2   -Wl,-rpath -Wl,/foo conftest.c  >&5
configure:11889: $? = 0
configure:12129: result: GNU/Linux ld.so
configure:12251: checking how to hardcode library paths into programs
configure:12276: result: immediate
configure:12824: checking whether stripping libraries is possible
configure:12829: result: yes
configure:12864: checking if libtool supports shared libraries
configure:12866: result: yes
configure:12869: checking whether to build shared libraries
configure:12894: result: yes
configure:12897: checking whether to build static libraries
configure:12901: result: yes
configure:12943: checking for flex
configure:12959: found /usr/bin/flex
configure:12970: result: flex
configure:12985: checking for bison
configure:13001: found /usr/bin/bison
configure:13012: result: bison -y
configure:13024: checking for an ANSI C-conforming const
configure:13090: gcc -c -g -O2  conftest.c >&5
configure:13090: $? = 0
configure:13097: result: yes
configure:13105: checking for inline
configure:13121: gcc -c -g -O2  conftest.c >&5
configure:13121: $? = 0
configure:13129: result: inline
configure:13202: checking for pkg-config
configure:13220: found /usr/bin/pkg-config
configure:13232: result: /usr/bin/pkg-config
configure:13257: checking pkg-config is at least version 0.9.0
configure:13260: result: yes
configure:13270: checking for CHECK
configure:13277: $PKG_CONFIG --exists --print-errors "check >= 0.9.0"
Package check was not found in the pkg-config search path.
Perhaps you should add the directory containing `check.pc'
to the PKG_CONFIG_PATH environment variable
No package 'check' found
configure:13280: $? = 1
configure:13294: $PKG_CONFIG --exists --print-errors "check >= 0.9.0"
Package check was not found in the pkg-config search path.
Perhaps you should add the directory containing `check.pc'
to the PKG_CONFIG_PATH environment variable
No package 'check' found
configure:13297: $? = 1
configure:13311: result: no
No package 'check' found
configure:13327: WARNING: *** Disabling building of unit tests
configure:13401: checking for dlfcn.h
configure:13401: result: yes
configure:13432: checking for pthread_mutex_lock in -lpthread
configure:13457: gcc -o conftest -g -O2   conftest.c -lpthread   >&5
configure:13457: $? = 0
configure:13466: result: yes
configure:13501: checking for strerror_l
configure:13501: gcc -o conftest -g -O2   conftest.c -lpthread  >&5
configure:13501: $? = 0
configure:13501: result: yes
configure:13638: checking that generated files are newer than configure
configure:13644: result: done
configure:13691: creating ./config.status

## ---------------------- ##
## Running config.status. ##
## ---------------------- ##

This file was extended by libnl config.status 3.5.0, which was
generated by GNU Autoconf 2.69.  Invocation command line was

  CONFIG_FILES    = 
  CONFIG_HEADERS  = 
  CONFIG_LINKS    = 
  CONFIG_COMMANDS = 
  $ ./config.status 

on miniga

config.status:1123: creating Makefile
config.status:1123: creating libnl-3.0.pc
config.status:1123: creating libnl-route-3.0.pc
config.status:1123: creating libnl-genl-3.0.pc
config.status:1123: creating libnl-nf-3.0.pc
config.status:1123: creating libnl-cli-3.0.pc
config.status:1123: creating libnl-xfrm-3.0.pc
config.status:1123: creating libnl-idiag-3.0.pc
config.status:1123: creating python/setup.py
config.status:1123: creating include/netlink/version.h
config.status:1123: creating lib/defs.h
config.status:1304: lib/defs.h is unchanged
config.status:1352: executing depfiles commands
config.status:1429: cd .       && sed -e '/# am--include-marker/d' Makefile         | make -f - am--depfiles
make: Nothing to be done for 'am--depfiles'.
config.status:1434: $? = 0
config.status:1352: executing libtool commands

## ---------------- ##
## Cache variables. ##
## ---------------- ##

ac_cv_build=x86_64-pc-linux-gnu
ac_cv_c_compiler_gnu=yes
ac_cv_c_const=yes
ac_cv_c_inline=inline
ac_cv_env_CC_set=
ac_cv_env_CC_value=
ac_cv_env_CFLAGS_set=
ac_cv_env_CFLAGS_value=
ac_cv_env_CHECK_CFLAGS_set=
ac_cv_env_CHECK_CFLAGS_value=
ac_cv_env_CHECK_LIBS_set=
ac_cv_env_CHECK_LIBS_value=
ac_cv_env_CPPFLAGS_set=
ac_cv_env_CPPFLAGS_value=
ac_cv_env_CPP_set=
ac_cv_env_CPP_value=
ac_cv_env_LDFLAGS_set=
ac_cv_env_LDFLAGS_value=
ac_cv_env_LIBS_set=
ac_cv_env_LIBS_value=
ac_cv_env_LT_SYS_LIBRARY_PATH_set=
ac_cv_env_LT_SYS_LIBRARY_PATH_value=
ac_cv_env_PKG_CONFIG_LIBDIR_set=
ac_cv_env_PKG_CONFIG_LIBDIR_value=
ac_cv_env_PKG_CONFIG_PATH_set=
ac_cv_env_PKG_CONFIG_PATH_value=
ac_cv_env_PKG_CONFIG_set=
ac_cv_env_PKG_CONFIG_value=
ac_cv_env_build_alias_set=
ac_cv_env_build_alias_value=
ac_cv_env_host_alias_set=
ac_cv_env_host_alias_value=
ac_cv_env_target_alias_set=
ac_cv_env_target_alias_value=
ac_cv_func_strerror_l=yes
ac_cv_header_dlfcn_h=yes
ac_cv_header_inttypes_h=yes
ac_cv_header_memory_h=yes
ac_cv_header_stdc=yes
ac_cv_header_stdint_h=yes
ac_cv_header_stdlib_h=yes
ac_cv_header_string_h=yes
ac_cv_header_strings_h=yes
ac_cv_header_sys_stat_h=yes
ac_cv_header_sys_types_h=yes
ac_cv_header_unistd_h=yes
ac_cv_host=x86_64-pc-linux-gnu
ac_cv_lib_pthread_pthread_mutex_lock=yes
ac_cv_objext=o
ac_cv_path_EGREP='/bin/grep -E'
ac_cv_path_FGREP='/bin/grep -F'
ac_cv_path_GREP=/bin/grep
ac_cv_path_SED=/bin/sed
ac_cv_path_ac_pt_PKG_CONFIG=/usr/bin/pkg-config
ac_cv_path_install='/usr/bin/install -c'
ac_cv_path_lt_DD=/bin/dd
ac_cv_path_mkdir=/bin/mkdir
ac_cv_prog_AWK=mawk
ac_cv_prog_CPP='gcc -E'
ac_cv_prog_FLEX=flex
ac_cv_prog_YACC='bison -y'
ac_cv_prog_ac_ct_AR=ar
ac_cv_prog_ac_ct_CC=gcc
ac_cv_prog_ac_ct_MANIFEST_TOOL=mt
ac_cv_prog_ac_ct_OBJDUMP=objdump
ac_cv_prog_ac_ct_RANLIB=ranlib
ac_cv_prog_ac_ct_STRIP=strip
ac_cv_prog_cc_c89=
ac_cv_prog_cc_g=yes
ac_cv_prog_make_make_set=yes
am_cv_CC_dependencies_compiler_type=gcc3
am_cv_ar_interface=ar
am_cv_make_support_nested_variables=yes
am_cv_prog_cc_c_o=yes
lt_cv_ar_at_file=@
lt_cv_archive_cmds_need_lc=no
lt_cv_deplibs_check_method=pass_all
lt_cv_file_magic_cmd='$MAGIC_CMD'
lt_cv_file_magic_test_file=
lt_cv_ld_reload_flag=-r
lt_cv_nm_interface='BSD nm'
lt_cv_objdir=.libs
lt_cv_path_LD=/usr/bin/ld
lt_cv_path_NM='/usr/bin/nm -B'
lt_cv_path_mainfest_tool=no
lt_cv_prog_compiler_c_o=yes
lt_cv_prog_compiler_pic='-fPIC -DPIC'
lt_cv_prog_compiler_pic_works=yes
lt_cv_prog_compiler_rtti_exceptions=no
lt_cv_prog_compiler_static_works=yes
lt_cv_prog_gnu_ld=yes
lt_cv_sharedlib_from_linklib_cmd='printf %s\n'
lt_cv_shlibpath_overrides_runpath=yes
lt_cv_sys_global_symbol_pipe='sed -n -e '\''s/^.*[	 ]\([ABCDGIRSTW][ABCDGIRSTW]*\)[	 ][	 ]*\([_A-Za-z][_A-Za-z0-9]*\)$/\1 \2 \2/p'\'' | sed '\''/ __gnu_lto/d'\'''
lt_cv_sys_global_symbol_to_c_name_address='sed -n -e '\''s/^: \(.*\) .*$/  {"\1", (void *) 0},/p'\'' -e '\''s/^[ABCDGIRSTW][ABCDGIRSTW]* .* \(.*\)$/  {"\1", (void *) \&\1},/p'\'''
lt_cv_sys_global_symbol_to_c_name_address_lib_prefix='sed -n -e '\''s/^: \(.*\) .*$/  {"\1", (void *) 0},/p'\'' -e '\''s/^[ABCDGIRSTW][ABCDGIRSTW]* .* \(lib.*\)$/  {"\1", (void *) \&\1},/p'\'' -e '\''s/^[ABCDGIRSTW][ABCDGIRSTW]* .* \(.*\)$/  {"lib\1", (void *) \&\1},/p'\'''
lt_cv_sys_global_symbol_to_cdecl='sed -n -e '\''s/^T .* \(.*\)$/extern int \1();/p'\'' -e '\''s/^[ABCDGIRSTW][ABCDGIRSTW]* .* \(.*\)$/extern char \1;/p'\'''
lt_cv_sys_global_symbol_to_import=
lt_cv_sys_max_cmd_len=1572864
lt_cv_to_host_file_cmd=func_convert_file_noop
lt_cv_to_tool_file_cmd=func_convert_file_noop
lt_cv_truncate_bin='/bin/dd bs=4096 count=1'

## ----------------- ##
## Output variables. ##
## ----------------- ##

ACLOCAL='${SHELL} /tmp/wpa_supplicant-2.9/libnl-3.5.0/build-aux/missing aclocal-1.16'
AMDEPBACKSLASH='\'
AMDEP_FALSE='#'
AMDEP_TRUE=''
AMTAR='$${TAR-tar}'
AM_BACKSLASH='\'
AM_DEFAULT_V='$(AM_DEFAULT_VERBOSITY)'
AM_DEFAULT_VERBOSITY='0'
AM_V='$(V)'
AR='ar'
AUTOCONF='${SHELL} /tmp/wpa_supplicant-2.9/libnl-3.5.0/build-aux/missing autoconf'
AUTOHEADER='${SHELL} /tmp/wpa_supplicant-2.9/libnl-3.5.0/build-aux/missing autoheader'
AUTOMAKE='${SHELL} /tmp/wpa_supplicant-2.9/libnl-3.5.0/build-aux/missing automake-1.16'
AWK='mawk'
CC='gcc'
CCDEPMODE='depmode=gcc3'
CFLAGS='-g -O2'
CHECK_CFLAGS=''
CHECK_LIBS=''
CPP='gcc -E'
CPPFLAGS=''
CYGPATH_W='echo'
DEFS='-DHAVE_CONFIG_H'
DEPDIR='.deps'
DISABLE_PTHREADS_FALSE=''
DISABLE_PTHREADS_TRUE='#'
DLLTOOL='false'
DSYMUTIL=''
DUMPBIN=''
ECHO_C=''
ECHO_N='-n'
ECHO_T=''
EGREP='/bin/grep -E'
ENABLE_CLI_FALSE='#'
ENABLE_CLI_INSTALL_BIN_FALSE='#'
ENABLE_CLI_INSTALL_BIN_TRUE=''
ENABLE_CLI_INSTALL_SBIN_FALSE=''
ENABLE_CLI_INSTALL_SBIN_TRUE='#'
ENABLE_CLI_TRUE=''
EXEEXT=''
FGREP='/bin/grep -F'
FLEX='flex'
GREP='/bin/grep'
INSTALL_DATA='${INSTALL} -m 644'
INSTALL_PROGRAM='${INSTALL}'
INSTALL_SCRIPT='${INSTALL}'
INSTALL_STRIP_PROGRAM='$(install_sh) -c -s'
LD='/usr/bin/ld -m elf_x86_64'
LDFLAGS=''
LIBNL_VERSION='3.5.0'
LIBOBJS=''
LIBS='-lpthread '
LIBTOOL='$(SHELL) $(top_builddir)/libtool'
LIPO=''
LN_S='ln -s'
LTLIBOBJS=''
LT_AGE='26'
LT_CURRENT='226'
LT_REVISION='0'
LT_SYS_LIBRARY_PATH=''
MAJ_VERSION='3'
MAKEINFO='${SHELL} /tmp/wpa_supplicant-2.9/libnl-3.5.0/build-aux/missing makeinfo'
MANIFEST_TOOL=':'
MIC_VERSION='0'
MIN_VERSION='5'
MKDIR_P='/bin/mkdir -p'
NM='/usr/bin/nm -B'
NMEDIT=''
OBJDUMP='objdump'
OBJEXT='o'
OTOOL64=''
OTOOL=''
PACKAGE='libnl'
PACKAGE_BUGREPORT=''
PACKAGE_NAME='libnl'
PACKAGE_STRING='libnl 3.5.0'
PACKAGE_TARNAME='libnl'
PACKAGE_URL='http://www.infradead.org/~tgr/libnl/'
PACKAGE_VERSION='3.5.0'
PATH_SEPARATOR=':'
PKG_CONFIG='/usr/bin/pkg-config'
PKG_CONFIG_LIBDIR=''
PKG_CONFIG_PATH=''
RANLIB='ranlib'
SED='/bin/sed'
SET_MAKE=''
SHELL='/bin/bash'
STRIP='strip'
VERSION='3.5.0'
WITH_CHECK_FALSE=''
WITH_CHECK_TRUE='#'
YACC='bison -y'
ac_ct_AR='ar'
ac_ct_CC='gcc'
ac_ct_DUMPBIN=''
am__EXEEXT_FALSE=''
am__EXEEXT_TRUE='#'
am__fastdepCC_FALSE='#'
am__fastdepCC_TRUE=''
am__include='include'
am__isrc=''
am__leading_dot='.'
am__nodep='_no'
am__quote=''
am__tar='$${TAR-tar} chof - "$$tardir"'
am__untar='$${TAR-tar} xf -'
bindir='${exec_prefix}/bin'
build='x86_64-pc-linux-gnu'
build_alias=''
build_cpu='x86_64'
build_os='linux-gnu'
build_vendor='pc'
datadir='${datarootdir}'
datarootdir='${prefix}/share'
docdir='${datarootdir}/doc/${PACKAGE_TARNAME}'
dvidir='${docdir}'
exec_prefix='${prefix}'
host='x86_64-pc-linux-gnu'
host_alias=''
host_cpu='x86_64'
host_os='linux-gnu'
host_vendor='pc'
htmldir='${docdir}'
includedir='${prefix}/include'
infodir='${datarootdir}/info'
install_sh='${SHELL} /tmp/wpa_supplicant-2.9/libnl-3.5.0/build-aux/install-sh'
libdir='${exec_prefix}/lib'
libexecdir='${exec_prefix}/libexec'
localedir='${datarootdir}/locale'
localstatedir='${prefix}/var'
mandir='${datarootdir}/man'
mkdir_p='$(MKDIR_P)'
oldincludedir='/usr/include'
pdfdir='${docdir}'
pkgconfigdir='${libdir}/pkgconfig'
prefix='/usr/local'
program_transform_name='s,x,x,'
psdir='${docdir}'
sbindir='${exec_prefix}/sbin'
sharedstatedir='${prefix}/com'
subdirs=' doc'
sysconfdir='${prefix}/etc'
target_alias=''

## ----------- ##
## confdefs.h. ##
## ----------- ##

/* confdefs.h */
#define PACKAGE_NAME "libnl"
#define PACKAGE_TARNAME "libnl"
#define PACKAGE_VERSION "3.5.0"
#define PACKAGE_STRING "libnl 3.5.0"
#define PACKAGE_BUGREPORT ""
#define PACKAGE_URL "http://www.infradead.org/~tgr/libnl/"
#define PACKAGE "libnl"
#define VERSION "3.5.0"
#define STDC_HEADERS 1
#define HAVE_SYS_TYPES_H 1
#define HAVE_SYS_STAT_H 1
#define HAVE_STDLIB_H 1
#define HAVE_STRING_H 1
#define HAVE_MEMORY_H 1
#define HAVE_STRINGS_H 1
#define HAVE_INTTYPES_H 1
#define HAVE_STDINT_H 1
#define HAVE_UNISTD_H 1
#define HAVE_DLFCN_H 1
#define LT_OBJDIR ".libs/"
#define HAVE_DLFCN_H 1
#define HAVE_LIBPTHREAD 1
#define NL_DEBUG 1
#define HAVE_STRERROR_L 1

configure: exit 0
